Symbol range map extraction starting
Processing 122 files
startProcessing "com\moonlight\buildingtools\BuildingTools.java" md5: 39c03be6e4a0b6cbf705cd2069be701e
endProcessing "com\moonlight\buildingtools\BuildingTools.java"

startProcessing "com\moonlight\buildingtools\Reference.java" md5: 69870eb00910101fc347e7da71153ffc
endProcessing "com\moonlight\buildingtools\Reference.java"

startProcessing "com\moonlight\buildingtools\UpdateHandler.java" md5: 6bea5b05f4b6551e7ddab23a0b693737
endProcessing "com\moonlight\buildingtools\UpdateHandler.java"

startProcessing "com\moonlight\buildingtools\buildingGuide\BlockGuide.java" md5: cb09c289b3356e5542693624f862355a
endProcessing "com\moonlight\buildingtools\buildingGuide\BlockGuide.java"

startProcessing "com\moonlight\buildingtools\buildingGuide\BlockMarker.java" md5: f853feda5a607e50a3fcfd37d665a0e6
endProcessing "com\moonlight\buildingtools\buildingGuide\BlockMarker.java"

startProcessing "com\moonlight\buildingtools\buildingGuide\IActivateAwareTile.java" md5: e7bcce9ff229cd5627f269feb0268efe
endProcessing "com\moonlight\buildingtools\buildingGuide\IActivateAwareTile.java"

startProcessing "com\moonlight\buildingtools\buildingGuide\TileEntityGuide.java" md5: 25bdcac253c61026e5aa3b8807c4096c
endProcessing "com\moonlight\buildingtools\buildingGuide\TileEntityGuide.java"

startProcessing "com\moonlight\buildingtools\creativetab\CreativeTabMain.java" md5: fbeb1d57366328f9fbc5f81ae889dbbf
endProcessing "com\moonlight\buildingtools\creativetab\CreativeTabMain.java"

startProcessing "com\moonlight\buildingtools\helpers\DrawBlockHighlightEventHandler.java" md5: 0c3bb7d58d7f223574ed7876ca14b3b8
endProcessing "com\moonlight\buildingtools\helpers\DrawBlockHighlightEventHandler.java"

startProcessing "com\moonlight\buildingtools\helpers\FontHelper.java" md5: 1e5cd972b07a40746c737681360f85ff
endProcessing "com\moonlight\buildingtools\helpers\FontHelper.java"

startProcessing "com\moonlight\buildingtools\helpers\RayTracing.java" md5: 1a5f122171cada2898459ffc366f7d66
endProcessing "com\moonlight\buildingtools\helpers\RayTracing.java"

startProcessing "com\moonlight\buildingtools\helpers\RenderHelper.java" md5: ffda1b54acb240a890df1a1b22306f73
endProcessing "com\moonlight\buildingtools\helpers\RenderHelper.java"

startProcessing "com\moonlight\buildingtools\helpers\Shapes.java" md5: 7f8bc849a68f80c86298d7c6e10b3dfc
endProcessing "com\moonlight\buildingtools\helpers\Shapes.java"

startProcessing "com\moonlight\buildingtools\helpers\WorldEventHandler.java" md5: fbed6eca668a9127bb53eaa46640db38
endProcessing "com\moonlight\buildingtools\helpers\WorldEventHandler.java"

startProcessing "com\moonlight\buildingtools\helpers\loaders\BlockLoader.java" md5: 30c53543b088e2a32f64a84961212d8b
endProcessing "com\moonlight\buildingtools\helpers\loaders\BlockLoader.java"

startProcessing "com\moonlight\buildingtools\helpers\loaders\BlockRenderRegister.java" md5: 5b9d7488352ab04dcad9761ebff6cc95
endProcessing "com\moonlight\buildingtools\helpers\loaders\BlockRenderRegister.java"

startProcessing "com\moonlight\buildingtools\helpers\loaders\ItemLoader.java" md5: b73b19654fe274955539fc51c7b43be0
endProcessing "com\moonlight\buildingtools\helpers\loaders\ItemLoader.java"

startProcessing "com\moonlight\buildingtools\helpers\loaders\ItemRenderRegister.java" md5: 2fb83a8829a4298d424efc1ceba7ae39
endProcessing "com\moonlight\buildingtools\helpers\loaders\ItemRenderRegister.java"

startProcessing "com\moonlight\buildingtools\helpers\loaders\RegisterHelper.java" md5: 60f5227eab854d3da21848300b1e67fb
endProcessing "com\moonlight\buildingtools\helpers\loaders\RegisterHelper.java"

startProcessing "com\moonlight\buildingtools\helpers\shapes\GeometryUtils.java" md5: 70e44b9465e99990eb405d2200ef8a49
endProcessing "com\moonlight\buildingtools\helpers\shapes\GeometryUtils.java"

startProcessing "com\moonlight\buildingtools\helpers\shapes\IShapeGenerator.java" md5: 9766128800b66417a26ca6b8963f5089
endProcessing "com\moonlight\buildingtools\helpers\shapes\IShapeGenerator.java"

startProcessing "com\moonlight\buildingtools\helpers\shapes\IShapeable.java" md5: 6b7997e305b99e88dadffdab5bafbd1a
endProcessing "com\moonlight\buildingtools\helpers\shapes\IShapeable.java"

startProcessing "com\moonlight\buildingtools\helpers\shapes\MathUtils.java" md5: 803f43d915358da70eadc5e6e1bae170
endProcessing "com\moonlight\buildingtools\helpers\shapes\MathUtils.java"

startProcessing "com\moonlight\buildingtools\helpers\shapes\ShapeCuboidGenerator.java" md5: f9f196a4c5ac0dcc8b7899da92f693e6
endProcessing "com\moonlight\buildingtools\helpers\shapes\ShapeCuboidGenerator.java"

startProcessing "com\moonlight\buildingtools\helpers\shapes\ShapeCylinderGenerator.java" md5: edcdef0d1cf996790c2d011106cae9fb
endProcessing "com\moonlight\buildingtools\helpers\shapes\ShapeCylinderGenerator.java"

startProcessing "com\moonlight\buildingtools\helpers\shapes\ShapeDomeGenerator.java" md5: 169adfdf81fa0a2fa37222d579bfcdf2
endProcessing "com\moonlight\buildingtools\helpers\shapes\ShapeDomeGenerator.java"

startProcessing "com\moonlight\buildingtools\helpers\shapes\ShapeEquilateral2dGenerator.java" md5: 698872ab0761bb3bdd64a0743c318b6e
endProcessing "com\moonlight\buildingtools\helpers\shapes\ShapeEquilateral2dGenerator.java"

startProcessing "com\moonlight\buildingtools\helpers\shapes\ShapeSphereGenerator.java" md5: b1b73c22414cd526e25fe3900e22b827
endProcessing "com\moonlight\buildingtools\helpers\shapes\ShapeSphereGenerator.java"

startProcessing "com\moonlight\buildingtools\items\tools\BlockChangeBase.java" md5: b88c4d7617a9bcf29c642d2ca487c973
endProcessing "com\moonlight\buildingtools\items\tools\BlockChangeBase.java"

startProcessing "com\moonlight\buildingtools\items\tools\BlockChangeQueue.java" md5: 49d295bf550b0c2c76a1baf88c7041f2
endProcessing "com\moonlight\buildingtools\items\tools\BlockChangeQueue.java"

startProcessing "com\moonlight\buildingtools\items\tools\BlockChangerGuiHelper.java" md5: b6fde41f88146bcb9537d61ca6b4e0a4
endProcessing "com\moonlight\buildingtools\items\tools\BlockChangerGuiHelper.java"

startProcessing "com\moonlight\buildingtools\items\tools\ChangeBlockToThis.java" md5: 68468def1d022487ce49572f8b1187de
endProcessing "com\moonlight\buildingtools\items\tools\ChangeBlockToThis.java"

startProcessing "com\moonlight\buildingtools\items\tools\ContainerBlockSelMenu.java" md5: 6b4028e8c45ffe5935e675086b70977b
endProcessing "com\moonlight\buildingtools\items\tools\ContainerBlockSelMenu.java"

startProcessing "com\moonlight\buildingtools\items\tools\GUIBlockSelection.java" md5: 1b55099704a8718bf79baee1c39fac06
endProcessing "com\moonlight\buildingtools\items\tools\GUIBlockSelection.java"

startProcessing "com\moonlight\buildingtools\items\tools\GetGUIBlocks.java" md5: f2ad5ba140dd2b26f7c2609c48038a49
endProcessing "com\moonlight\buildingtools\items\tools\GetGUIBlocks.java"

startProcessing "com\moonlight\buildingtools\items\tools\IGetGuiButtonPressed.java" md5: 86b59ba576567b8f71959bd1e4f901d7
endProcessing "com\moonlight\buildingtools\items\tools\IGetGuiButtonPressed.java"

startProcessing "com\moonlight\buildingtools\items\tools\brushtool\BrushShapeVisualizer.java" md5: 6eaee1641ef6a99242929eb66046cf9a
endProcessing "com\moonlight\buildingtools\items\tools\brushtool\BrushShapeVisualizer.java"

startProcessing "com\moonlight\buildingtools\items\tools\brushtool\GUISetPaintBlock.java" md5: ad8f8d2cd85886e5d7be32d71f02957a
endProcessing "com\moonlight\buildingtools\items\tools\brushtool\GUISetPaintBlock.java"

startProcessing "com\moonlight\buildingtools\items\tools\brushtool\GUISetReplaceBlocks.java" md5: 16817a924b038676a09f65cfc28e9e03
endProcessing "com\moonlight\buildingtools\items\tools\brushtool\GUISetReplaceBlocks.java"

startProcessing "com\moonlight\buildingtools\items\tools\brushtool\GUIToolBrush.java" md5: 1c78f62caed18eb210adf5888a17c136
endProcessing "com\moonlight\buildingtools\items\tools\brushtool\GUIToolBrush.java"

startProcessing "com\moonlight\buildingtools\items\tools\brushtool\ThreadPaintShape.java" md5: 44a65ae4974c19c182c38b37581fb2be
endProcessing "com\moonlight\buildingtools\items\tools\brushtool\ThreadPaintShape.java"

startProcessing "com\moonlight\buildingtools\items\tools\brushtool\ToolBrush.java" md5: a66de2f9a3f36410bbee63e30d00dc46
endProcessing "com\moonlight\buildingtools\items\tools\brushtool\ToolBrush.java"

startProcessing "com\moonlight\buildingtools\items\tools\buildingtool\BuildingShapeVisualizer.java" md5: c4b5cc2fd7ee7743575de746e8245af0
endProcessing "com\moonlight\buildingtools\items\tools\buildingtool\BuildingShapeVisualizer.java"

startProcessing "com\moonlight\buildingtools\items\tools\buildingtool\GUIBuildersTool.java" md5: 0fd76f0dc7d9e3528718030fe1ad941c
endProcessing "com\moonlight\buildingtools\items\tools\buildingtool\GUIBuildersTool.java"

startProcessing "com\moonlight\buildingtools\items\tools\buildingtool\ThreadBuildersTool.java" md5: c328f0002fcab72502b17d240ef59154
endProcessing "com\moonlight\buildingtools\items\tools\buildingtool\ThreadBuildersTool.java"

startProcessing "com\moonlight\buildingtools\items\tools\buildingtool\ToolBuilding.java" md5: 02dd8e8274b85f1235faf8fb65b35974
endProcessing "com\moonlight\buildingtools\items\tools\buildingtool\ToolBuilding.java"

startProcessing "com\moonlight\buildingtools\items\tools\erosionTool\ErosionVisuallizer.java" md5: e09579053d28e9a84527dca795ae28c9
endProcessing "com\moonlight\buildingtools\items\tools\erosionTool\ErosionVisuallizer.java"

startProcessing "com\moonlight\buildingtools\items\tools\erosionTool\GUIErosionTool.java" md5: 81a3669f4d2c96b997d421273b1da6bb
endProcessing "com\moonlight\buildingtools\items\tools\erosionTool\GUIErosionTool.java"

startProcessing "com\moonlight\buildingtools\items\tools\erosionTool\ThreadErosion.java" md5: 256bce1fec1bac9dbb5e431147defd73
endProcessing "com\moonlight\buildingtools\items\tools\erosionTool\ThreadErosion.java"

startProcessing "com\moonlight\buildingtools\items\tools\erosionTool\ToolErosion.java" md5: f63ab1040833348577fc2952fa89953e
endProcessing "com\moonlight\buildingtools\items\tools\erosionTool\ToolErosion.java"

startProcessing "com\moonlight\buildingtools\items\tools\filtertool\ETreeTypes.java" md5: bc9c0a2e852b0c36351dcd95eaf6913c
endProcessing "com\moonlight\buildingtools\items\tools\filtertool\ETreeTypes.java"

startProcessing "com\moonlight\buildingtools\items\tools\filtertool\FilterShapeVisualizer.java" md5: d882a1c38bf319a0f58af0a5a020fd06
endProcessing "com\moonlight\buildingtools\items\tools\filtertool\FilterShapeVisualizer.java"

startProcessing "com\moonlight\buildingtools\items\tools\filtertool\GUIEditTree.java" md5: 3f77936af0e6850a65fbf31e0311ff0f
endProcessing "com\moonlight\buildingtools\items\tools\filtertool\GUIEditTree.java"

startProcessing "com\moonlight\buildingtools\items\tools\filtertool\GUISetLogMat.java" md5: 6b4b7d41fc1cc9a582a79d9213199db7
endProcessing "com\moonlight\buildingtools\items\tools\filtertool\GUISetLogMat.java"

startProcessing "com\moonlight\buildingtools\items\tools\filtertool\GUIToolFilter.java" md5: bc0c1d7ecbc905136034b91fbdb7e669
endProcessing "com\moonlight\buildingtools\items\tools\filtertool\GUIToolFilter.java"

startProcessing "com\moonlight\buildingtools\items\tools\filtertool\ProceduralTreeData.java" md5: 70b597a69e8297e0383e80e2524ee7ab
endProcessing "com\moonlight\buildingtools\items\tools\filtertool\ProceduralTreeData.java"

startProcessing "com\moonlight\buildingtools\items\tools\filtertool\ThreadBonemeal.java" md5: 383c5e8474b3934d068b0bcecccb46fb
endProcessing "com\moonlight\buildingtools\items\tools\filtertool\ThreadBonemeal.java"

startProcessing "com\moonlight\buildingtools\items\tools\filtertool\ThreadClearFoliage.java" md5: 692ad05ac043a12d39fae4e96a8ad0c3
endProcessing "com\moonlight\buildingtools\items\tools\filtertool\ThreadClearFoliage.java"

startProcessing "com\moonlight\buildingtools\items\tools\filtertool\ThreadClearWater.java" md5: 0466c1c35192029c012bcb88a819f6cf
endProcessing "com\moonlight\buildingtools\items\tools\filtertool\ThreadClearWater.java"

startProcessing "com\moonlight\buildingtools\items\tools\filtertool\ThreadMakeTree.java" md5: a4dfe9cf7d4665882b7c9a75f88652db
endProcessing "com\moonlight\buildingtools\items\tools\filtertool\ThreadMakeTree.java"

startProcessing "com\moonlight\buildingtools\items\tools\filtertool\ThreadTopsoil.java" md5: aa791f1657e74574e734aec6341deb3c
endProcessing "com\moonlight\buildingtools\items\tools\filtertool\ThreadTopsoil.java"

startProcessing "com\moonlight\buildingtools\items\tools\filtertool\ToolFilter.java" md5: 603fce434a11a9ea4ba201f63e8cf3f0
endProcessing "com\moonlight\buildingtools\items\tools\filtertool\ToolFilter.java"

startProcessing "com\moonlight\buildingtools\items\tools\placetempblock\BlockTemporary.java" md5: e15ab25b7d3388b6f07eed6bb9671c2e
endProcessing "com\moonlight\buildingtools\items\tools\placetempblock\BlockTemporary.java"

startProcessing "com\moonlight\buildingtools\items\tools\placetempblock\ToolPlaceTempBlock.java" md5: b86a952c8248f0b0d4668d8eb34fcee7
endProcessing "com\moonlight\buildingtools\items\tools\placetempblock\ToolPlaceTempBlock.java"

startProcessing "com\moonlight\buildingtools\items\tools\selectiontool\GUIFillTool.java" md5: 4282b1f1e7223359d50c73160821238f
endProcessing "com\moonlight\buildingtools\items\tools\selectiontool\GUIFillTool.java"

startProcessing "com\moonlight\buildingtools\items\tools\selectiontool\GUIReplaceTool.java" md5: 3321656cb6ad932a67c59edb6a5f9694
endProcessing "com\moonlight\buildingtools\items\tools\selectiontool\GUIReplaceTool.java"

startProcessing "com\moonlight\buildingtools\items\tools\selectiontool\GUISaveLoadClipboard.java" md5: cd0a6d6b577c9bc9a43f648cc82267b6
endProcessing "com\moonlight\buildingtools\items\tools\selectiontool\GUISaveLoadClipboard.java"

startProcessing "com\moonlight\buildingtools\items\tools\selectiontool\GUISelectionTool.java" md5: 30e32f9e89f17fa4c47166bc74a1e4a0
endProcessing "com\moonlight\buildingtools\items\tools\selectiontool\GUISelectionTool.java"

startProcessing "com\moonlight\buildingtools\items\tools\selectiontool\ThreadAdvancedFill.java" md5: a34380674c53d38c7a5b251fa69c803f
endProcessing "com\moonlight\buildingtools\items\tools\selectiontool\ThreadAdvancedFill.java"

startProcessing "com\moonlight\buildingtools\items\tools\selectiontool\ThreadClearSelection.java" md5: 6aebad55dd71610bcbe4213b9e9ec08e
endProcessing "com\moonlight\buildingtools\items\tools\selectiontool\ThreadClearSelection.java"

startProcessing "com\moonlight\buildingtools\items\tools\selectiontool\ThreadCopyToClipboard.java" md5: 7ca427e430960b951132c0c0c2b2f4e6
endProcessing "com\moonlight\buildingtools\items\tools\selectiontool\ThreadCopyToClipboard.java"

startProcessing "com\moonlight\buildingtools\items\tools\selectiontool\ThreadLoadClipboard.java" md5: 2e4b6d41ca97a07b0da203795a337ee7
endProcessing "com\moonlight\buildingtools\items\tools\selectiontool\ThreadLoadClipboard.java"

startProcessing "com\moonlight\buildingtools\items\tools\selectiontool\ThreadPasteClipboard.java" md5: 7dfe14436f49d2823f5ce09db5bea84e
endProcessing "com\moonlight\buildingtools\items\tools\selectiontool\ThreadPasteClipboard.java"

startProcessing "com\moonlight\buildingtools\items\tools\selectiontool\ThreadSaveClipboard.java" md5: 7208484d6f5d0ba3c9aa7af287276fa0
endProcessing "com\moonlight\buildingtools\items\tools\selectiontool\ThreadSaveClipboard.java"

startProcessing "com\moonlight\buildingtools\items\tools\selectiontool\ThreadSimpleFill.java" md5: 23d8167ac660f8f7dd00a07efb0ce811
endProcessing "com\moonlight\buildingtools\items\tools\selectiontool\ThreadSimpleFill.java"

startProcessing "com\moonlight\buildingtools\items\tools\selectiontool\ToolSelection.java" md5: c93cc55f8f719cf03b9c06c7c2b336da
endProcessing "com\moonlight\buildingtools\items\tools\selectiontool\ToolSelection.java"

startProcessing "com\moonlight\buildingtools\items\tools\tapeMeasure\ToolTapeMeasure.java" md5: e316a65a5cb6bb0a9212beb1a29177dd
endProcessing "com\moonlight\buildingtools\items\tools\tapeMeasure\ToolTapeMeasure.java"

startProcessing "com\moonlight\buildingtools\items\tools\tasks\BlockChangeTask.java" md5: a06430dcc19c6dd00b1fae9d563647e0
endProcessing "com\moonlight\buildingtools\items\tools\tasks\BlockChangeTask.java"

startProcessing "com\moonlight\buildingtools\items\tools\tasks\ChangeQueueTask.java" md5: c64adadba9686184ce5a7bd0623f2de4
endProcessing "com\moonlight\buildingtools\items\tools\tasks\ChangeQueueTask.java"

startProcessing "com\moonlight\buildingtools\items\tools\tasks\ForgeSchedulerService.java" md5: f5a7681f512a233c232514ad67e4dccd
endProcessing "com\moonlight\buildingtools\items\tools\tasks\ForgeSchedulerService.java"

startProcessing "com\moonlight\buildingtools\items\tools\tasks\ForgeTask.java" md5: 30b97dee661b04b9ea483ca9a8221ef8
endProcessing "com\moonlight\buildingtools\items\tools\tasks\ForgeTask.java"

startProcessing "com\moonlight\buildingtools\items\tools\tasks\ForgeTaskAsync.java" md5: 1d6e4882865fec7a3e8457acaf23d245
endProcessing "com\moonlight\buildingtools\items\tools\tasks\ForgeTaskAsync.java"

startProcessing "com\moonlight\buildingtools\items\tools\tasks\Task.java" md5: dc97f772cca0c90e6f17ee386c5586a9
endProcessing "com\moonlight\buildingtools\items\tools\tasks\Task.java"

startProcessing "com\moonlight\buildingtools\items\tools\undoTool\BlockInfoContainer.java" md5: 3bea6553c930479e3b4c92f757757a4c
endProcessing "com\moonlight\buildingtools\items\tools\undoTool\BlockInfoContainer.java"

startProcessing "com\moonlight\buildingtools\items\tools\undoTool\GUISaveLoadCurrentUndoList.java" md5: 27529fd81e44a792323a4ac5f76ac61c
endProcessing "com\moonlight\buildingtools\items\tools\undoTool\GUISaveLoadCurrentUndoList.java"

startProcessing "com\moonlight\buildingtools\items\tools\undoTool\ThreadLoadUndo.java" md5: 8b60b3365b083ef102c211a70b7581b4
    Compile Error! Pb(2) NBTData cannot be resolved to a type
    Compile Error! Pb(2) NBTData cannot be resolved to a type
    Compile Error! Pb(120) The method NBTTagListPhraser(ArrayList<NBTData>) from the type ThreadLoadUndo refers to the missing type NBTData
    Compile Error! Pb(2) NBTData cannot be resolved to a type
    Compile Error! Pb(120) The method NBTCompoundPhraser(List<NBTData>) from the type ThreadLoadUndo refers to the missing type NBTData
    Compile Error! Pb(2) NBTData cannot be resolved to a type
    Compile Error! Pb(2) NBTData cannot be resolved to a type
    Compile Error! Pb(2) NBTData cannot be resolved to a type
    Compile Error! Pb(120) The method NBTTagListPhraser(ArrayList<NBTData>) from the type ThreadLoadUndo refers to the missing type NBTData
    Compile Error! Pb(2) NBTData cannot be resolved to a type
    Compile Error! Pb(120) The method NBTCompoundPhraser(List<NBTData>) from the type ThreadLoadUndo refers to the missing type NBTData
    Compile Error! Pb(2) NBTData cannot be resolved to a type
endProcessing "com\moonlight\buildingtools\items\tools\undoTool\ThreadLoadUndo.java"

startProcessing "com\moonlight\buildingtools\items\tools\undoTool\ThreadSaveUndoList.java" md5: 8f8e6f325dd53af5d99a00860628d55e
endProcessing "com\moonlight\buildingtools\items\tools\undoTool\ThreadSaveUndoList.java"

startProcessing "com\moonlight\buildingtools\items\tools\undoTool\ThreadUndo.java" md5: 9c0549c0986a0c46c3627b649aac81c4
endProcessing "com\moonlight\buildingtools\items\tools\undoTool\ThreadUndo.java"

startProcessing "com\moonlight\buildingtools\items\tools\undoTool\ToolUndo.java" md5: c8cfa940bd82451f9e8f480a5c8ed979
endProcessing "com\moonlight\buildingtools\items\tools\undoTool\ToolUndo.java"

startProcessing "com\moonlight\buildingtools\network\ClientProxy.java" md5: 38a02e84a46671179079d355a19680c6
endProcessing "com\moonlight\buildingtools\network\ClientProxy.java"

startProcessing "com\moonlight\buildingtools\network\CommonProxy.java" md5: 90bc3aaf3f6b4f2dc8e3bd66f9e018ef
endProcessing "com\moonlight\buildingtools\network\CommonProxy.java"

startProcessing "com\moonlight\buildingtools\network\GuiHandler.java" md5: c02dc8fc277d64501a480992103222f1
endProcessing "com\moonlight\buildingtools\network\GuiHandler.java"

startProcessing "com\moonlight\buildingtools\network\packethandleing\AbstractClientMessageHandler.java" md5: dad3d0bab48882199ea93118955d6d61
endProcessing "com\moonlight\buildingtools\network\packethandleing\AbstractClientMessageHandler.java"

startProcessing "com\moonlight\buildingtools\network\packethandleing\AbstractMessageHandler.java" md5: d380a8957ae782641fbef46f0851a7f5
endProcessing "com\moonlight\buildingtools\network\packethandleing\AbstractMessageHandler.java"

startProcessing "com\moonlight\buildingtools\network\packethandleing\AbstractServerMessageHandler.java" md5: 61294fea40664a0ee027a9ea70e8e659
endProcessing "com\moonlight\buildingtools\network\packethandleing\AbstractServerMessageHandler.java"

startProcessing "com\moonlight\buildingtools\network\packethandleing\PacketDispatcher.java" md5: 25fa5eca28a15c78763764991b5d2697
endProcessing "com\moonlight\buildingtools\network\packethandleing\PacketDispatcher.java"

startProcessing "com\moonlight\buildingtools\network\packethandleing\SelectionToolSaveSelectionPacket.java" md5: e196ecc9c0ab043ceb602e347faf04b2
endProcessing "com\moonlight\buildingtools\network\packethandleing\SelectionToolSaveSelectionPacket.java"

startProcessing "com\moonlight\buildingtools\network\packethandleing\SendAdvancedFillPacketToItemMessage.java" md5: 4a3bf546d14e9dd20699c34a70c68a25
endProcessing "com\moonlight\buildingtools\network\packethandleing\SendAdvancedFillPacketToItemMessage.java"

startProcessing "com\moonlight\buildingtools\network\packethandleing\SendAdvancedReplacePacketToItemMessage.java" md5: 968e2e9bc5c145777bd7e4e7f32a231a
endProcessing "com\moonlight\buildingtools\network\packethandleing\SendAdvancedReplacePacketToItemMessage.java"

startProcessing "com\moonlight\buildingtools\network\packethandleing\SendFileSelection.java" md5: 7839d1588489ce8c092c203611cd4706
endProcessing "com\moonlight\buildingtools\network\packethandleing\SendFileSelection.java"

startProcessing "com\moonlight\buildingtools\network\packethandleing\SendGuiButtonPressedToItemMessage.java" md5: 03f3269837705f89b0ee4d1818dd360e
endProcessing "com\moonlight\buildingtools\network\packethandleing\SendGuiButtonPressedToItemMessage.java"

startProcessing "com\moonlight\buildingtools\network\packethandleing\SendRaytraceResult.java" md5: 1e57df5173eed0be92b48181bc6b338b
endProcessing "com\moonlight\buildingtools\network\packethandleing\SendRaytraceResult.java"

startProcessing "com\moonlight\buildingtools\network\packethandleing\SendSimpleFillPacketToItemMessage.java" md5: 235c76aecb8945db439577a21aa11100
endProcessing "com\moonlight\buildingtools\network\packethandleing\SendSimpleFillPacketToItemMessage.java"

startProcessing "com\moonlight\buildingtools\network\packethandleing\SendSimpleReplacePacketToItemMessage.java" md5: f1af848b4995d8de621d63a4b7f86fe1
endProcessing "com\moonlight\buildingtools\network\packethandleing\SendSimpleReplacePacketToItemMessage.java"

startProcessing "com\moonlight\buildingtools\network\packethandleing\SendTreeDataToItem.java" md5: 693749e566e569d8f7b2972d94ff6fb7
endProcessing "com\moonlight\buildingtools\network\packethandleing\SendTreeDataToItem.java"

startProcessing "com\moonlight\buildingtools\network\packethandleing\SyncNBTDataMessage.java" md5: 7e6c3f08f723ee6e3e7d9cfe4287ede0
endProcessing "com\moonlight\buildingtools\network\packethandleing\SyncNBTDataMessage.java"

startProcessing "com\moonlight\buildingtools\network\playerWrapper\PlayerRegistry.java" md5: 85cdc9597403da7392efc4f23eea03eb
endProcessing "com\moonlight\buildingtools\network\playerWrapper\PlayerRegistry.java"

startProcessing "com\moonlight\buildingtools\network\playerWrapper\PlayerRegistryProvider.java" md5: 5ff9d553d410e2938516a90f948c3769
endProcessing "com\moonlight\buildingtools\network\playerWrapper\PlayerRegistryProvider.java"

startProcessing "com\moonlight\buildingtools\network\playerWrapper\PlayerWrapper.java" md5: a0dfb39af49f343249bdcc8febcd91d2
endProcessing "com\moonlight\buildingtools\network\playerWrapper\PlayerWrapper.java"

startProcessing "com\moonlight\buildingtools\neverrainalwaysdayblock\debugTileEntity.java" md5: 7ea2980c617a7d5f623d58996e7459e8
endProcessing "com\moonlight\buildingtools\neverrainalwaysdayblock\debugTileEntity.java"

startProcessing "com\moonlight\buildingtools\neverrainalwaysdayblock\debugblock.java" md5: 0b1cc0e46108b03c07847766f39c3add
endProcessing "com\moonlight\buildingtools\neverrainalwaysdayblock\debugblock.java"

startProcessing "com\moonlight\buildingtools\utils\IItemBlockAffector.java" md5: 3a0d6ac5bf4d10c0ee49523eb3b01000
endProcessing "com\moonlight\buildingtools\utils\IItemBlockAffector.java"

startProcessing "com\moonlight\buildingtools\utils\IKeyHandler.java" md5: e1dc49357c81226a03312dc1b87572e4
endProcessing "com\moonlight\buildingtools\utils\IKeyHandler.java"

startProcessing "com\moonlight\buildingtools\utils\IOutlineDrawer.java" md5: fa9535410a23223f17c25257c8518950
endProcessing "com\moonlight\buildingtools\utils\IOutlineDrawer.java"

startProcessing "com\moonlight\buildingtools\utils\IScrollButtonListener.java" md5: 94cd09c2b8086033bf83674f712fcb5b
endProcessing "com\moonlight\buildingtools\utils\IScrollButtonListener.java"

startProcessing "com\moonlight\buildingtools\utils\Key.java" md5: 38ebfc8befb7090461a1153ab360bfcb
endProcessing "com\moonlight\buildingtools\utils\Key.java"

startProcessing "com\moonlight\buildingtools\utils\KeyBindsHandler.java" md5: 2b3c6608c94ffda5a0aa09471983989e
endProcessing "com\moonlight\buildingtools\utils\KeyBindsHandler.java"

startProcessing "com\moonlight\buildingtools\utils\KeyHelper.java" md5: c7e07b61d99e7f8527ac32e783e07da3
endProcessing "com\moonlight\buildingtools\utils\KeyHelper.java"

startProcessing "com\moonlight\buildingtools\utils\MiscUtils.java" md5: 466742bd55b6e3deb15f27e4c889a562
endProcessing "com\moonlight\buildingtools\utils\MiscUtils.java"

startProcessing "com\moonlight\buildingtools\utils\Pair.java" md5: e4c6910cff0348f35ef71d7f45f1d43f
endProcessing "com\moonlight\buildingtools\utils\Pair.java"

startProcessing "com\moonlight\buildingtools\utils\RGBA.java" md5: 5f6101df7fd7268f76bb08d99bcbe376
endProcessing "com\moonlight\buildingtools\utils\RGBA.java"

startProcessing "com\moonlight\buildingtools\utils\ScrollPane.java" md5: 439c7a93a2b5c3f21134a4f5e59289c7
endProcessing "com\moonlight\buildingtools\utils\ScrollPane.java"

